<?xml version="1.0" encoding="UTF-8"?>
<testng-results skipped="0" failed="0" ignored="0" total="1" passed="1">
  <reporter-output>
  </reporter-output>
  <suite name="Default suite" duration-ms="31990" started-at="2020-06-16T16:59:38Z" finished-at="2020-06-16T17:00:10Z">
    <groups>
    </groups>
    <test name="Default test" duration-ms="31990" started-at="2020-06-16T16:59:38Z" finished-at="2020-06-16T17:00:10Z">
      <class name="rsaha.learn.SelTestin.SamTest">
        <test-method status="PASS" signature="TestMthd()[pri:0, instance:rsaha.learn.SelTestin.SamTest@275710fc]" name="TestMthd" duration-ms="31886" started-at="2020-06-16T16:59:38Z" finished-at="2020-06-16T17:00:10Z">
          <reporter-output>
          </reporter-output>
        </test-method> <!-- TestMthd -->
      </class> <!-- rsaha.learn.SelTestin.SamTest -->
    </test> <!-- Default test -->
  </suite> <!-- Default suite -->
</testng-results>
